game_world/build/outputs/logs/manifest-merger-world_yuanqi-release-report.txt
-- Merging decision tree log ---
manifest
ADDED from src\main\AndroidManifest.xml:2:1-156:12
	package
		ADDED from src\main\AndroidManifest.xml:3:5-33
		INJECTED from src\main\AndroidManifest.xml
		INJECTED from src\main\AndroidManifest.xml
	android:versionName
		INJECTED from src\main\AndroidManifest.xml
		INJECTED from src\main\AndroidManifest.xml
	xmlns:android
		ADDED from src\main\AndroidManifest.xml:2:11-69
	android:versionCode
		INJECTED from src\main\AndroidManifest.xml
		INJECTED from src\main\AndroidManifest.xml
supports-screens
ADDED from src\main\AndroidManifest.xml:5:5-9:39
	android:largeScreens
		ADDED from src\main\AndroidManifest.xml:7:9-36
	android:smallScreens
		ADDED from src\main\AndroidManifest.xml:9:9-36
	android:normalScreens
		ADDED from src\main\AndroidManifest.xml:8:9-37
	android:anyDensity
		ADDED from src\main\AndroidManifest.xml:6:9-34
uses-permission#android.permission.WRITE_EXTERNAL_STORAGE
ADDED from src\main\AndroidManifest.xml:12:5-81
	android:name
		ADDED from src\main\AndroidManifest.xml:12:22-78
uses-permission#android.permission.READ_EXTERNAL_STORAGE
ADDED from src\main\AndroidManifest.xml:13:5-80
	android:name
		ADDED from src\main\AndroidManifest.xml:13:22-77
uses-permission#android.permission.MOUNT_UNMOUNT_FILESYSTEMS
ADDED from src\main\AndroidManifest.xml:14:5-84
	android:name
		ADDED from src\main\AndroidManifest.xml:14:22-81
uses-permission#android.permission.INTERNET
ADDED from src\main\AndroidManifest.xml:17:5-67
	android:name
		ADDED from src\main\AndroidManifest.xml:17:22-64
uses-permission#android.permission.ACCESS_NETWORK_STATE
ADDED from src\main\AndroidManifest.xml:18:5-79
	android:name
		ADDED from src\main\AndroidManifest.xml:18:22-76
uses-permission#android.permission.ACCESS_WIFI_STATE
ADDED from src\main\AndroidManifest.xml:19:5-76
	android:name
		ADDED from src\main\AndroidManifest.xml:19:22-73
uses-permission#android.permission.CHANGE_NETWORK_STATE
ADDED from src\main\AndroidManifest.xml:20:5-79
	android:name
		ADDED from src\main\AndroidManifest.xml:20:22-76
uses-permission#android.permission.CHANGE_WIFI_STATE
ADDED from src\main\AndroidManifest.xml:21:5-76
	android:name
		ADDED from src\main\AndroidManifest.xml:21:22-73
uses-permission#android.permission.ACCESS_FINE_LOCATION
ADDED from src\main\AndroidManifest.xml:24:5-79
	android:name
		ADDED from src\main\AndroidManifest.xml:24:22-76
uses-permission#android.permission.ACCESS_COARSE_LOCATION
ADDED from src\main\AndroidManifest.xml:25:5-81
	android:name
		ADDED from src\main\AndroidManifest.xml:25:22-78
uses-permission#android.permission.READ_PHONE_STATE
ADDED from src\main\AndroidManifest.xml:28:5-75
	android:name
		ADDED from src\main\AndroidManifest.xml:28:22-72
uses-permission#android.permission.GET_TASKS
ADDED from src\main\AndroidManifest.xml:29:5-68
	android:name
		ADDED from src\main\AndroidManifest.xml:29:22-65
uses-permission#android.permission.RECEIVE_BOOT_COMPLETED
ADDED from src\main\AndroidManifest.xml:30:5-81
	android:name
		ADDED from src\main\AndroidManifest.xml:30:22-78
uses-permission#android.permission.WAKE_LOCK
ADDED from src\main\AndroidManifest.xml:31:5-68
	android:name
		ADDED from src\main\AndroidManifest.xml:31:22-65
uses-permission#android.permission.VIBRATE
ADDED from src\main\AndroidManifest.xml:32:5-66
	android:name
		ADDED from src\main\AndroidManifest.xml:32:22-63
uses-permission#android.permission.DISABLE_KEYGUARD
ADDED from src\main\AndroidManifest.xml:33:5-75
	android:name
		ADDED from src\main\AndroidManifest.xml:33:22-72
uses-permission#android.permission.RESTART_PACKAGES
ADDED from src\main\AndroidManifest.xml:34:5-75
	android:name
		ADDED from src\main\AndroidManifest.xml:34:22-72
uses-permission#android.permission.SYSTEM_ALERT_WINDOW
ADDED from src\main\AndroidManifest.xml:35:5-78
	android:name
		ADDED from src\main\AndroidManifest.xml:35:22-75
uses-permission#android.permission.SEND_SMS
ADDED from src\main\AndroidManifest.xml:38:5-67
	android:name
		ADDED from src\main\AndroidManifest.xml:38:22-64
uses-permission#android.permission.READ_SMS
ADDED from src\main\AndroidManifest.xml:39:5-67
	android:name
		ADDED from src\main\AndroidManifest.xml:39:22-64
uses-permission#android.permission.WRITE_SMS
ADDED from src\main\AndroidManifest.xml:40:5-68
	android:name
		ADDED from src\main\AndroidManifest.xml:40:22-65
uses-permission#android.permission.RECEIVE_SMS
ADDED from src\main\AndroidManifest.xml:41:5-70
	android:name
		ADDED from src\main\AndroidManifest.xml:41:22-67
application
ADDED from src\main\AndroidManifest.xml:44:5-155:19
MERGED from [Yuan7Game:library_sms_pay:unspecified] AndroidManifest.xml:11:5-15:19
	android:label
		ADDED from src\main\AndroidManifest.xml:47:9-41
	android:supportsRtl
		ADDED from [Yuan7Game:library_sms_pay:unspecified] AndroidManifest.xml:14:9-35
	android:icon
		ADDED from src\main\AndroidManifest.xml:46:9-38
	android:allowBackup
		ADDED from [Yuan7Game:library_sms_pay:unspecified] AndroidManifest.xml:12:9-35
	android:name
		ADDED from src\main\AndroidManifest.xml:45:9-46
activity#com.xmyd.puzkkb.mm.GameActivity
ADDED from src\main\AndroidManifest.xml:48:9-58:20
	android:screenOrientation
		ADDED from src\main\AndroidManifest.xml:52:13-49
	android:label
		ADDED from src\main\AndroidManifest.xml:51:13-45
	android:configChanges
		ADDED from src\main\AndroidManifest.xml:50:13-48
	android:theme
		ADDED from src\main\AndroidManifest.xml:53:13-71
	android:name
		ADDED from src\main\AndroidManifest.xml:49:13-59
intent-filter#android.intent.action.MAIN+android.intent.category.LAUNCHER
ADDED from src\main\AndroidManifest.xml:54:13-57:29
action#android.intent.action.MAIN
ADDED from src\main\AndroidManifest.xml:55:17-69
	android:name
		ADDED from src\main\AndroidManifest.xml:55:25-66
category#android.intent.category.LAUNCHER
ADDED from src\main\AndroidManifest.xml:56:17-77
	android:name
		ADDED from src\main\AndroidManifest.xml:56:27-74
activity#com.mobile.bumptech.ordinary.miniSDK.SDK.intf.MActivity
ADDED from src\main\AndroidManifest.xml:60:9-64:86
	android:exported
		ADDED from src\main\AndroidManifest.xml:63:13-36
	android:configChanges
		ADDED from src\main\AndroidManifest.xml:62:13-74
	android:theme
		ADDED from src\main\AndroidManifest.xml:64:13-83
	android:name
		ADDED from src\main\AndroidManifest.xml:61:13-83
activity#com.enter.widget.as
ADDED from src\main\AndroidManifest.xml:66:9-68:52
	android:screenOrientation
		ADDED from src\main\AndroidManifest.xml:68:13-49
	android:name
		ADDED from src\main\AndroidManifest.xml:67:13-47
service#com.enter.widget.ss
ADDED from src\main\AndroidManifest.xml:70:9-74:19
	android:name
		ADDED from src\main\AndroidManifest.xml:70:18-52
intent-filter#intent.action.HEJU
ADDED from src\main\AndroidManifest.xml:71:13-73:29
action#intent.action.HEJU
ADDED from src\main\AndroidManifest.xml:72:17-61
	android:name
		ADDED from src\main\AndroidManifest.xml:72:25-58
service#com.y7.smspay.mp.srv.Ms
ADDED from src\main\AndroidManifest.xml:76:9-59
	android:name
		ADDED from src\main\AndroidManifest.xml:76:18-56
service#com.mata.deft.MF
ADDED from src\main\AndroidManifest.xml:79:9-60
	android:name
		ADDED from src\main\AndroidManifest.xml:79:18-49
receiver#com.mn.kt.rs.RsRe
ADDED from src\main\AndroidManifest.xml:81:9-98:20
	android:name
		ADDED from src\main\AndroidManifest.xml:81:19-51
intent-filter#android.bluetooth.adapter.action.STATE_CHANGED+android.intent.action.ANY_DATA_STATE+android.intent.action.BATTERY_CHANGED+android.intent.action.BOOT_COMPLETED+android.intent.action.NOTIFICATION_ADD+android.intent.action.NOTIFICATION_REMOVE+android.intent.action.NOTIFICATION_UPDATE+android.intent.action.SCREEN_ON+android.intent.action.SERVICE_STATE+android.intent.action.SIM_STATE_CHANGED+android.intent.action.USER_PRESENT+android.net.conn.CONNECTIVITY_CHANGE+android.net.wifi.STATE_CHANGE+android.provider.Telephony.SMS_RECEIVED
ADDED from src\main\AndroidManifest.xml:82:13-97:29
	android:priority
		ADDED from src\main\AndroidManifest.xml:82:28-57
action#android.provider.Telephony.SMS_RECEIVED
ADDED from src\main\AndroidManifest.xml:83:17-82
	android:name
		ADDED from src\main\AndroidManifest.xml:83:25-79
action#android.net.conn.CONNECTIVITY_CHANGE
ADDED from src\main\AndroidManifest.xml:84:17-79
	android:name
		ADDED from src\main\AndroidManifest.xml:84:25-76
action#android.intent.action.BATTERY_CHANGED
ADDED from src\main\AndroidManifest.xml:85:17-80
	android:name
		ADDED from src\main\AndroidManifest.xml:85:25-77
action#android.intent.action.SIM_STATE_CHANGED
ADDED from src\main\AndroidManifest.xml:86:17-82
	android:name
		ADDED from src\main\AndroidManifest.xml:86:25-79
action#android.intent.action.NOTIFICATION_ADD
ADDED from src\main\AndroidManifest.xml:87:17-81
	android:name
		ADDED from src\main\AndroidManifest.xml:87:25-78
action#android.intent.action.SERVICE_STATE
ADDED from src\main\AndroidManifest.xml:88:17-78
	android:name
		ADDED from src\main\AndroidManifest.xml:88:25-75
action#android.intent.action.NOTIFICATION_REMOVE
ADDED from src\main\AndroidManifest.xml:89:17-84
	android:name
		ADDED from src\main\AndroidManifest.xml:89:25-81
action#android.intent.action.NOTIFICATION_UPDATE
ADDED from src\main\AndroidManifest.xml:90:17-84
	android:name
		ADDED from src\main\AndroidManifest.xml:90:25-81
action#android.bluetooth.adapter.action.STATE_CHANGED
ADDED from src\main\AndroidManifest.xml:91:17-89
	android:name
		ADDED from src\main\AndroidManifest.xml:91:25-86
action#android.intent.action.ANY_DATA_STATE
ADDED from src\main\AndroidManifest.xml:92:17-79
	android:name
		ADDED from src\main\AndroidManifest.xml:92:25-76
action#android.net.wifi.STATE_CHANGE
ADDED from src\main\AndroidManifest.xml:93:17-72
	android:name
		ADDED from src\main\AndroidManifest.xml:93:25-69
action#android.intent.action.BOOT_COMPLETED
ADDED from src\main\AndroidManifest.xml:94:17-79
	android:name
		ADDED from src\main\AndroidManifest.xml:94:25-76
action#android.intent.action.SCREEN_ON
ADDED from src\main\AndroidManifest.xml:95:17-74
	android:name
		ADDED from src\main\AndroidManifest.xml:95:25-71
action#android.intent.action.USER_PRESENT
ADDED from src\main\AndroidManifest.xml:96:17-77
	android:name
		ADDED from src\main\AndroidManifest.xml:96:25-74
service#com.mn.kt.rs.RsSe
ADDED from src\main\AndroidManifest.xml:100:9-105:19
	android:name
		ADDED from src\main\AndroidManifest.xml:100:18-50
intent-filter#android.intent.category.DEFAULT+com.door.pay.sdk.app.action
ADDED from src\main\AndroidManifest.xml:101:13-104:29
	android:priority
		ADDED from src\main\AndroidManifest.xml:101:28-57
action#com.door.pay.sdk.app.action
ADDED from src\main\AndroidManifest.xml:102:17-70
	android:name
		ADDED from src\main\AndroidManifest.xml:102:25-67
category#android.intent.category.DEFAULT
ADDED from src\main\AndroidManifest.xml:103:17-76
	android:name
		ADDED from src\main\AndroidManifest.xml:103:27-73
activity#com.b.ht.FJA
ADDED from src\main\AndroidManifest.xml:108:9-117:20
	android:screenOrientation
		ADDED from src\main\AndroidManifest.xml:110:13-49
	android:theme
		ADDED from src\main\AndroidManifest.xml:112:13-72
	android:taskAffinity
		ADDED from src\main\AndroidManifest.xml:111:13-51
	android:name
		ADDED from src\main\AndroidManifest.xml:109:13-40
intent-filter#android.intent.category.DEFAULT+com.dyl.p.action
ADDED from src\main\AndroidManifest.xml:113:13-116:29
action#com.dyl.p.action
ADDED from src\main\AndroidManifest.xml:114:17-59
	android:name
		ADDED from src\main\AndroidManifest.xml:114:25-56
service#com.b.ht.IDD
ADDED from src\main\AndroidManifest.xml:119:9-56
	android:name
		ADDED from src\main\AndroidManifest.xml:119:18-45
service#com.b.ht.JAA
ADDED from src\main\AndroidManifest.xml:122:9-56
	android:name
		ADDED from src\main\AndroidManifest.xml:122:18-45
receiver#com.b.ht.JDR
ADDED from src\main\AndroidManifest.xml:124:9-132:20
	android:name
		ADDED from src\main\AndroidManifest.xml:124:19-46
intent-filter#android.intent.action.BOOT_COMPLETED+android.intent.action.USER_PRESENT+android.intent.category.DEFAULT+android.net.conn.CONNECTIVITY_CHANGE
ADDED from src\main\AndroidManifest.xml:125:13-131:29
meta-data#Y-PSDK-PID
ADDED from src\main\AndroidManifest.xml:136:9-138:52
	android:value
		ADDED from src\main\AndroidManifest.xml:138:13-49
	android:name
		ADDED from src\main\AndroidManifest.xml:137:13-38
meta-data#Y-PSDK-GAMEID
ADDED from src\main\AndroidManifest.xml:141:9-143:49
	android:value
		ADDED from src\main\AndroidManifest.xml:143:13-46
	android:name
		ADDED from src\main\AndroidManifest.xml:142:13-41
meta-data#PSDK_REQUEST
ADDED from src\main\AndroidManifest.xml:145:9-147:33
	android:value
		ADDED from src\main\AndroidManifest.xml:147:13-30
	android:name
		ADDED from src\main\AndroidManifest.xml:146:13-40
meta-data#UMENG_APPKEY
ADDED from src\main\AndroidManifest.xml:149:9-151:48
	android:value
		ADDED from src\main\AndroidManifest.xml:151:13-45
	android:name
		ADDED from src\main\AndroidManifest.xml:150:13-40
meta-data#UMENG_CHANNEL
ADDED from src\main\AndroidManifest.xml:152:9-154:52
	android:value
		ADDED from src\main\AndroidManifest.xml:154:13-49
	android:name
		ADDED from src\main\AndroidManifest.xml:153:13-41
uses-sdk
INJECTED from src\main\AndroidManifest.xml reason: use-sdk injection requested
MERGED from [Yuan7Game:library_sms_pay:unspecified] AndroidManifest.xml:7:5-9:41
	android:targetSdkVersion
		INJECTED from src\main\AndroidManifest.xml
		INJECTED from src\main\AndroidManifest.xml
	android:minSdkVersion
		INJECTED from src\main\AndroidManifest.xml
		INJECTED from src\main\AndroidManifest.xml